{"level":"info","message":"User logged in: newuser (newuser@example.com)","timestamp":"2024-10-09T13:47:55.562Z"}
{"level":"warn","message":"Registration attempt failed: User already exists (newuser2@example.com)","timestamp":"2024-10-09T13:55:29.066Z"}
{"level":"info","message":"User registered successfully: kp (nw@example.com)","timestamp":"2024-10-09T13:55:51.785Z"}
{"level":"error","message":"Registration error: E11000 duplicate key error collection: myappdb.users index: username_1 dup key: { username: \"kp\" }","timestamp":"2024-10-09T13:55:57.447Z"}
{"level":"error","message":"Registration error: E11000 duplicate key error collection: myappdb.users index: username_1 dup key: { username: \"kp\" }","timestamp":"2024-10-09T13:55:59.707Z"}
{"level":"error","message":"Registration error: E11000 duplicate key error collection: myappdb.users index: username_1 dup key: { username: \"kp\" }","timestamp":"2024-10-09T13:56:11.031Z"}
{"level":"error","message":"Registration error: E11000 duplicate key error collection: myappdb.users index: username_1 dup key: { username: \"kp\" }","timestamp":"2024-10-09T13:56:18.155Z"}
{"level":"info","message":"User registered successfully: test (newww@example.com)","timestamp":"2024-10-09T13:58:10.614Z"}
{"level":"info","message":"User registered successfully: t (m@hotmail.com)","timestamp":"2024-10-09T17:18:58.873Z"}
{"level":"info","message":"User registered successfully: t (m@hotmail.com)","timestamp":"2024-10-09T17:21:08.996Z"}
{"level":"info","message":"User logged in: t (m@hotmail.com)","timestamp":"2024-10-09T20:00:15.748Z"}
{"level":"info","message":"User logged in: t (m@hotmail.com)","timestamp":"2024-10-09T20:34:00.832Z"}
{"level":"info","message":"User logged in: t (m@hotmail.com)","timestamp":"2024-10-09T21:09:36.897Z"}
{"level":"info","message":"User logged in: t (m@hotmail.com)","timestamp":"2024-10-09T21:46:31.778Z"}
{"level":"info","message":"User logged in: t (m@hotmail.com)","timestamp":"2024-10-09T23:35:18.939Z"}
{"level":"info","message":"User logged in: t (m@hotmail.com)","timestamp":"2024-10-09T23:51:25.668Z"}
{"level":"info","message":"User logged in: t (m@hotmail.com)","timestamp":"2024-10-09T23:51:47.256Z"}
{"level":"warn","message":"Failed login attempt for email: m@gmail.com","timestamp":"2024-10-09T23:51:59.454Z"}
{"level":"info","message":"User logged in: t (m@hotmail.com)","timestamp":"2024-10-09T23:52:13.755Z"}
{"level":"info","message":"User logged in: t (m@hotmail.com)","timestamp":"2024-10-09T23:55:46.276Z"}
{"level":"info","message":"User logged in: t (m@hotmail.com)","timestamp":"2024-10-10T20:54:23.855Z"}
{"level":"info","message":"User logged in: t (m@hotmail.com)","timestamp":"2024-10-10T22:33:03.818Z"}
{"level":"info","message":"User logged in: t (m@hotmail.com)","timestamp":"2024-10-10T22:58:02.097Z"}
{"level":"info","message":"User logged in: t (m@hotmail.com)","timestamp":"2024-10-11T20:08:47.619Z"}
{"level":"warn","message":"Failed login attempt for email: m@hotmai.com","timestamp":"2024-10-11T21:52:25.452Z"}
{"level":"info","message":"User logged in: t (m@hotmail.com)","timestamp":"2024-10-11T21:52:33.197Z"}
{"level":"info","message":"User logged in: t (m@hotmail.com)","timestamp":"2024-10-19T21:07:39.617Z"}
{"level":"info","message":"User logged in: t (m@hotmail.com)","timestamp":"2024-10-19T23:51:09.456Z"}
{"level":"info","message":"User logged in: t (m@hotmail.com)","timestamp":"2024-10-20T19:01:14.251Z"}
